C:\Программирование\Теория игр\Game Theory\Game Theory\Debug\cl.command.1.tlog
C:\Программирование\Теория игр\Game Theory\Game Theory\Debug\CL.read.1.tlog
C:\Программирование\Теория игр\Game Theory\Game Theory\Debug\CL.write.1.tlog
C:\Программирование\Теория игр\Game Theory\Game Theory\Debug\custombuild.command.1.tlog
C:\Программирование\Теория игр\Game Theory\Game Theory\Debug\custombuild.read.1.tlog
C:\Программирование\Теория игр\Game Theory\Game Theory\Debug\custombuild.write.1.tlog
C:\Программирование\Теория игр\GAME THEORY\GAME THEORY\DEBUG\GAME THEORY.EXE.INTERMEDIATE.MANIFEST
C:\Программирование\Теория игр\Game Theory\Game Theory\Debug\Game Theory.vcxprojResolveAssemblyReference.cache
C:\Программирование\Теория игр\Game Theory\Game Theory\Debug\Game Theory.write.1.tlog
C:\Программирование\Теория игр\GAME THEORY\GAME THEORY\DEBUG\GAMETHEORY.OBJ
C:\Программирование\Теория игр\Game Theory\Game Theory\Debug\link.command.1.tlog
C:\Программирование\Теория игр\Game Theory\Game Theory\Debug\link.read.1.tlog
C:\Программирование\Теория игр\Game Theory\Game Theory\Debug\link.write.1.tlog
C:\Программирование\Теория игр\GAME THEORY\GAME THEORY\DEBUG\MAIN.OBJ
C:\Программирование\Теория игр\GAME THEORY\GAME THEORY\DEBUG\MOC_GAMETHEORY.OBJ
C:\Программирование\Теория игр\Game Theory\Game Theory\Debug\mt.command.1.tlog
C:\Программирование\Теория игр\Game Theory\Game Theory\Debug\mt.read.1.tlog
C:\Программирование\Теория игр\Game Theory\Game Theory\Debug\mt.write.1.tlog
C:\Программирование\Теория игр\GAME THEORY\GAME THEORY\DEBUG\QRC_GAMETHEORY.OBJ
C:\ПРОГРАММИРОВАНИЕ\ТЕОРИЯ ИГР\GAME THEORY\GAME THEORY\DEBUG\VC100.PDB
C:\ПРОГРАММИРОВАНИЕ\ТЕОРИЯ ИГР\GAME THEORY\GAME THEORY\GENERATEDFILES\DEBUG\MOC_GAMETHEORY.CPP
C:\ПРОГРАММИРОВАНИЕ\ТЕОРИЯ ИГР\GAME THEORY\GAME THEORY\GENERATEDFILES\QRC_GAMETHEORY.CPP
C:\ПРОГРАММИРОВАНИЕ\ТЕОРИЯ ИГР\GAME THEORY\GAME THEORY\GENERATEDFILES\UI_GAMETHEORY.H
C:\Программирование\Теория игр\GAME THEORY\WIN32\DEBUG\GAME THEORY.EXE
C:\Программирование\Теория игр\GAME THEORY\WIN32\DEBUG\GAME THEORY.ILK
C:\ПРОГРАММИРОВАНИЕ\ТЕОРИЯ ИГР\GAME THEORY\WIN32\DEBUG\GAME THEORY.PDB
