C:\ПРОГРАММИРОВАНИЕ\ТЕОРИЯ ИГР\GAME THEORY\GAME THEORY\GENERATEDFILES\QRC_GAMETHEORY.CPP
C:\ПРОГРАММИРОВАНИЕ\ТЕОРИЯ ИГР\GAME THEORY\GAME THEORY\GENERATEDFILES\RELEASE\MOC_GAMETHEORY.CPP
C:\ПРОГРАММИРОВАНИЕ\ТЕОРИЯ ИГР\GAME THEORY\GAME THEORY\GENERATEDFILES\UI_GAMETHEORY.H
C:\Программирование\Теория игр\Game Theory\Game Theory\Release\cl.command.1.tlog
C:\Программирование\Теория игр\Game Theory\Game Theory\Release\CL.read.1.tlog
C:\Программирование\Теория игр\Game Theory\Game Theory\Release\CL.write.1.tlog
C:\Программирование\Теория игр\Game Theory\Game Theory\Release\custombuild.command.1.tlog
C:\Программирование\Теория игр\Game Theory\Game Theory\Release\custombuild.read.1.tlog
C:\Программирование\Теория игр\Game Theory\Game Theory\Release\custombuild.write.1.tlog
C:\Программирование\Теория игр\GAME THEORY\GAME THEORY\RELEASE\GAME THEORY.EXE.INTERMEDIATE.MANIFEST
C:\Программирование\Теория игр\Game Theory\Game Theory\Release\Game Theory.write.1.tlog
C:\Программирование\Теория игр\GAME THEORY\GAME THEORY\RELEASE\GAMETHEORY.OBJ
C:\Программирование\Теория игр\Game Theory\Game Theory\Release\link.command.1.tlog
C:\Программирование\Теория игр\Game Theory\Game Theory\Release\link.read.1.tlog
C:\Программирование\Теория игр\Game Theory\Game Theory\Release\link.write.1.tlog
C:\Программирование\Теория игр\GAME THEORY\GAME THEORY\RELEASE\MAIN.OBJ
C:\Программирование\Теория игр\GAME THEORY\GAME THEORY\RELEASE\MOC_GAMETHEORY.OBJ
C:\Программирование\Теория игр\Game Theory\Game Theory\Release\mt.command.1.tlog
C:\Программирование\Теория игр\Game Theory\Game Theory\Release\mt.read.1.tlog
C:\Программирование\Теория игр\Game Theory\Game Theory\Release\mt.write.1.tlog
C:\Программирование\Теория игр\GAME THEORY\GAME THEORY\RELEASE\QRC_GAMETHEORY.OBJ
C:\Программирование\Теория игр\GAME THEORY\WIN32\RELEASE\GAME THEORY.EXE
